<?xml version="1.0" encoding="UTF-8"?>
<!-- Generated by org.testng.reporters.JUnitXMLReporter -->
<testsuite ignored="0" hostname="DESKTOP-GARLJAI" failures="0" tests="3" name="Default test" time="52.103" errors="0" timestamp="2024-06-04T21:57:31 PDT">
  <testcase classname="Maven_Testng.Maven_Testng.TestCases1" name="TestCases1" time="4.306"/>
  <testcase classname="Maven_Testng.Maven_Testng.TestCases1" name="TestCases2" time="1.65"/>
  <testcase classname="Maven_Testng.Maven_Testng.TestCases1" name="TestCases3" time="4.74"/>
</testsuite> <!-- Default test -->
