<?xml version="1.0" encoding="UTF-8"?>
<!-- Generated by org.testng.reporters.JUnitXMLReporter -->
<testsuite ignored="0" hostname="DESKTOP-GARLJAI" failures="0" tests="3" name="test" time="54.877" errors="0" timestamp="2024-06-11T21:53:36 PDT">
  <testcase classname="Maven_Testng.Maven_Testng.TestCases1" name="TestCases3" time="1.765"/>
  <testcase classname="Maven_Testng.Maven_Testng.TestCases1" name="TestCases1" time="1.265"/>
  <testcase classname="Maven_Testng.Maven_Testng.TestCases1" name="TestCases2" time="6.502"/>
</testsuite> <!-- test -->
