<?xml version="1.0" encoding="UTF-8"?>
<!-- Generated by org.testng.reporters.JUnitXMLReporter -->
<testsuite ignored="0" hostname="DESKTOP-GARLJAI" failures="0" tests="3" name="Test Parallel" time="0.084" errors="0" timestamp="2024-06-14T13:54:01 PDT">
  <testcase classname="ParallelTest.ParallelDemo" name="test1" time="0.011"/>
  <testcase classname="ParallelTest.ParallelDemo" name="test2" time="0.011"/>
  <testcase classname="ParallelTest.ParallelDemo" name="test3" time="0.003"/>
</testsuite> <!-- Test Parallel -->
