<?xml version="1.0" encoding="UTF-8"?>
<testng-results ignored="0" total="3" passed="3" failed="0" skipped="0">
  <reporter-output>
  </reporter-output>
  <suite started-at="2024-06-14T13:54:01 PDT" name="Parallel Testing" finished-at="2024-06-14T13:54:01 PDT" duration-ms="84">
    <groups>
    </groups>
    <test started-at="2024-06-14T13:54:01 PDT" name="Test Parallel" finished-at="2024-06-14T13:54:01 PDT" duration-ms="84">
      <class name="ParallelTest.ParallelDemo">
        <test-method signature="test1()[pri:0, instance:ParallelTest.ParallelDemo@72057ecf]" started-at="2024-06-14T13:54:01 PDT" name="test1" finished-at="2024-06-14T13:54:01 PDT" duration-ms="11" status="PASS">
          <reporter-output>
          </reporter-output>
        </test-method> <!-- test1 -->
        <test-method signature="test2()[pri:0, instance:ParallelTest.ParallelDemo@72057ecf]" started-at="2024-06-14T13:54:01 PDT" name="test2" finished-at="2024-06-14T13:54:01 PDT" duration-ms="11" status="PASS">
          <reporter-output>
          </reporter-output>
        </test-method> <!-- test2 -->
        <test-method signature="test3()[pri:0, instance:ParallelTest.ParallelDemo@72057ecf]" started-at="2024-06-14T13:54:01 PDT" name="test3" finished-at="2024-06-14T13:54:01 PDT" duration-ms="3" status="PASS">
          <reporter-output>
          </reporter-output>
        </test-method> <!-- test3 -->
      </class> <!-- ParallelTest.ParallelDemo -->
    </test> <!-- Test Parallel -->
  </suite> <!-- Parallel Testing -->
</testng-results>
